<?xml version="1.0" encoding="UTF-8"?>
<testng-results ignored="0" total="1" passed="1" failed="0" skipped="0">
  <reporter-output>
  </reporter-output>
  <suite started-at="2025-06-26T20:07:40 CEST" name="Default suite" finished-at="2025-06-26T20:07:41 CEST" duration-ms="1267">
    <groups>
    </groups>
    <test started-at="2025-06-26T20:07:40 CEST" name="Default test" finished-at="2025-06-26T20:07:41 CEST" duration-ms="1267">
      <class name="tast.java.GetBankAccountDetails">
        <test-method signature="getBankAccountDetails()[pri:0, instance:tast.java.GetBankAccountDetails@4466af20]" started-at="2025-06-26T20:07:40 CEST" name="getBankAccountDetails" finished-at="2025-06-26T20:07:41 CEST" duration-ms="1236" status="PASS">
          <reporter-output>
          </reporter-output>
        </test-method> <!-- getBankAccountDetails -->
      </class> <!-- tast.java.GetBankAccountDetails -->
    </test> <!-- Default test -->
  </suite> <!-- Default suite -->
</testng-results>
